
===== real training start 2026-05-30T04:14:17+02:00 batch_size_per_gpu=12 fresh =====
[PoseBeat] Installing Python requirements from requirements.txt
Requirement already satisfied: torch in /usr/local/lib/python3.12/dist-packages (from -r requirements.txt (line 2)) (2.11.0+cu128)
Requirement already satisfied: torchvision in /usr/local/lib/python3.12/dist-packages (from -r requirements.txt (line 3)) (0.26.0+cu128)
Requirement already satisfied: torchaudio in /usr/local/lib/python3.12/dist-packages (from -r requirements.txt (line 4)) (2.11.0+cu128)
Requirement already satisfied: diffusers==0.18.1 in /usr/local/lib/python3.12/dist-packages (from -r requirements.txt (line 5)) (0.18.1)
Requirement already satisfied: accelerate==0.20.3 in /usr/local/lib/python3.12/dist-packages (from -r requirements.txt (line 6)) (0.20.3)
Requirement already satisfied: audiodiffusion in /usr/local/lib/python3.12/dist-packages (from -r requirements.txt (line 7)) (1.5.7)
Requirement already satisfied: datasets==2.13.1 in /usr/local/lib/python3.12/dist-packages (from -r requirements.txt (line 8)) (2.13.1)
Requirement already satisfied: huggingface_hub==0.16.4 in /usr/local/lib/python3.12/dist-packages (from -r requirements.txt (line 9)) (0.16.4)
Requirement already satisfied: pyarrow<15 in /usr/local/lib/python3.12/dist-packages (from -r requirements.txt (line 10)) (14.0.2)
Requirement already satisfied: fsspec==2023.6.0 in /usr/local/lib/python3.12/dist-packages (from -r requirements.txt (line 11)) (2023.6.0)
Requirement already satisfied: numpy in /usr/local/lib/python3.12/dist-packages (from -r requirements.txt (line 14)) (1.26.4)
Requirement already satisfied: pandas in /usr/local/lib/python3.12/dist-packages (from -r requirements.txt (line 15)) (3.0.3)
Requirement already satisfied: scipy in /usr/local/lib/python3.12/dist-packages (from -r requirements.txt (line 16)) (1.17.1)
Requirement already satisfied: librosa in /usr/local/lib/python3.12/dist-packages (from -r requirements.txt (line 17)) (0.11.0)
Requirement already satisfied: soundfile in /usr/local/lib/python3.12/dist-packages (from -r requirements.txt (line 18)) (0.13.1)
Requirement already satisfied: pydub in /usr/local/lib/python3.12/dist-packages (from -r requirements.txt (line 19)) (0.25.1)
Requirement already satisfied: Pillow in /usr/local/lib/python3.12/dist-packages (from -r requirements.txt (line 20)) (12.2.0)
Requirement already satisfied: PyYAML in /usr/local/lib/python3.12/dist-packages (from -r requirements.txt (line 21)) (6.0.3)
Requirement already satisfied: tqdm in /usr/local/lib/python3.12/dist-packages (from -r requirements.txt (line 22)) (4.67.3)
Requirement already satisfied: tensorboard in /usr/local/lib/python3.12/dist-packages (from -r requirements.txt (line 23)) (2.20.0)
Requirement already satisfied: frechet_audio_distance in /usr/local/lib/python3.12/dist-packages (from -r requirements.txt (line 24)) (0.3.4)
Requirement already satisfied: importlib_metadata in /usr/local/lib/python3.12/dist-packages (from diffusers==0.18.1->-r requirements.txt (line 5)) (9.0.0)
Requirement already satisfied: filelock in /usr/local/lib/python3.12/dist-packages (from diffusers==0.18.1->-r requirements.txt (line 5)) (3.25.2)
Requirement already satisfied: regex!=2019.12.17 in /usr/local/lib/python3.12/dist-packages (from diffusers==0.18.1->-r requirements.txt (line 5)) (2026.5.9)
Requirement already satisfied: requests in /usr/local/lib/python3.12/dist-packages (from diffusers==0.18.1->-r requirements.txt (line 5)) (2.32.5)
Requirement already satisfied: packaging>=20.0 in /usr/local/lib/python3.12/dist-packages (from accelerate==0.20.3->-r requirements.txt (line 6)) (26.0)
Requirement already satisfied: psutil in /usr/local/lib/python3.12/dist-packages (from accelerate==0.20.3->-r requirements.txt (line 6)) (7.2.2)
Requirement already satisfied: dill<0.3.7,>=0.3.0 in /usr/local/lib/python3.12/dist-packages (from datasets==2.13.1->-r requirements.txt (line 8)) (0.3.6)
Requirement already satisfied: xxhash in /usr/local/lib/python3.12/dist-packages (from datasets==2.13.1->-r requirements.txt (line 8)) (3.7.0)
Requirement already satisfied: multiprocess in /usr/local/lib/python3.12/dist-packages (from datasets==2.13.1->-r requirements.txt (line 8)) (0.70.14)
Requirement already satisfied: aiohttp in /usr/local/lib/python3.12/dist-packages (from datasets==2.13.1->-r requirements.txt (line 8)) (3.13.5)
Requirement already satisfied: typing-extensions>=3.7.4.3 in /usr/local/lib/python3.12/dist-packages (from huggingface_hub==0.16.4->-r requirements.txt (line 9)) (4.15.0)
Requirement already satisfied: setuptools<82 in /usr/local/lib/python3.12/dist-packages (from torch->-r requirements.txt (line 2)) (81.0.0)
Requirement already satisfied: sympy>=1.13.3 in /usr/local/lib/python3.12/dist-packages (from torch->-r requirements.txt (line 2)) (1.14.0)
Requirement already satisfied: networkx>=2.5.1 in /usr/local/lib/python3.12/dist-packages (from torch->-r requirements.txt (line 2)) (3.6.1)
Requirement already satisfied: jinja2 in /usr/local/lib/python3.12/dist-packages (from torch->-r requirements.txt (line 2)) (3.1.6)
Requirement already satisfied: cuda-toolkit==12.8.1 in /usr/local/lib/python3.12/dist-packages (from cuda-toolkit[cublas,cudart,cufft,cufile,cupti,curand,cusolver,cusparse,nvjitlink,nvrtc,nvtx]==12.8.1; platform_system == "Linux"->torch->-r requirements.txt (line 2)) (12.8.1)
Requirement already satisfied: cuda-bindings<13,>=12.9.4 in /usr/local/lib/python3.12/dist-packages (from torch->-r requirements.txt (line 2)) (12.9.4)
Requirement already satisfied: nvidia-cudnn-cu12==9.19.0.56 in /usr/local/lib/python3.12/dist-packages (from torch->-r requirements.txt (line 2)) (9.19.0.56)
Requirement already satisfied: nvidia-cusparselt-cu12==0.7.1 in /usr/local/lib/python3.12/dist-packages (from torch->-r requirements.txt (line 2)) (0.7.1)
Requirement already satisfied: nvidia-nccl-cu12==2.28.9 in /usr/local/lib/python3.12/dist-packages (from torch->-r requirements.txt (line 2)) (2.28.9)
Requirement already satisfied: nvidia-nvshmem-cu12==3.4.5 in /usr/local/lib/python3.12/dist-packages (from torch->-r requirements.txt (line 2)) (3.4.5)
Requirement already satisfied: triton==3.6.0 in /usr/local/lib/python3.12/dist-packages (from torch->-r requirements.txt (line 2)) (3.6.0)
Requirement already satisfied: nvidia-cublas-cu12==12.8.4.1.* in /usr/local/lib/python3.12/dist-packages (from cuda-toolkit[cublas,cudart,cufft,cufile,cupti,curand,cusolver,cusparse,nvjitlink,nvrtc,nvtx]==12.8.1; platform_system == "Linux"->torch->-r requirements.txt (line 2)) (12.8.4.1)
Requirement already satisfied: nvidia-cuda-runtime-cu12==12.8.90.* in /usr/local/lib/python3.12/dist-packages (from cuda-toolkit[cublas,cudart,cufft,cufile,cupti,curand,cusolver,cusparse,nvjitlink,nvrtc,nvtx]==12.8.1; platform_system == "Linux"->torch->-r requirements.txt (line 2)) (12.8.90)
Requirement already satisfied: nvidia-cufft-cu12==11.3.3.83.* in /usr/local/lib/python3.12/dist-packages (from cuda-toolkit[cublas,cudart,cufft,cufile,cupti,curand,cusolver,cusparse,nvjitlink,nvrtc,nvtx]==12.8.1; platform_system == "Linux"->torch->-r requirements.txt (line 2)) (11.3.3.83)
Requirement already satisfied: nvidia-cufile-cu12==1.13.1.3.* in /usr/local/lib/python3.12/dist-packages (from cuda-toolkit[cublas,cudart,cufft,cufile,cupti,curand,cusolver,cusparse,nvjitlink,nvrtc,nvtx]==12.8.1; platform_system == "Linux"->torch->-r requirements.txt (line 2)) (1.13.1.3)
Requirement already satisfied: nvidia-cuda-cupti-cu12==12.8.90.* in /usr/local/lib/python3.12/dist-packages (from cuda-toolkit[cublas,cudart,cufft,cufile,cupti,curand,cusolver,cusparse,nvjitlink,nvrtc,nvtx]==12.8.1; platform_system == "Linux"->torch->-r requirements.txt (line 2)) (12.8.90)
Requirement already satisfied: nvidia-curand-cu12==10.3.9.90.* in /usr/local/lib/python3.12/dist-packages (from cuda-toolkit[cublas,cudart,cufft,cufile,cupti,curand,cusolver,cusparse,nvjitlink,nvrtc,nvtx]==12.8.1; platform_system == "Linux"->torch->-r requirements.txt (line 2)) (10.3.9.90)
Requirement already satisfied: nvidia-cusolver-cu12==11.7.3.90.* in /usr/local/lib/python3.12/dist-packages (from cuda-toolkit[cublas,cudart,cufft,cufile,cupti,curand,cusolver,cusparse,nvjitlink,nvrtc,nvtx]==12.8.1; platform_system == "Linux"->torch->-r requirements.txt (line 2)) (11.7.3.90)
Requirement already satisfied: nvidia-cusparse-cu12==12.5.8.93.* in /usr/local/lib/python3.12/dist-packages (from cuda-toolkit[cublas,cudart,cufft,cufile,cupti,curand,cusolver,cusparse,nvjitlink,nvrtc,nvtx]==12.8.1; platform_system == "Linux"->torch->-r requirements.txt (line 2)) (12.5.8.93)
Requirement already satisfied: nvidia-nvjitlink-cu12==12.8.93.* in /usr/local/lib/python3.12/dist-packages (from cuda-toolkit[cublas,cudart,cufft,cufile,cupti,curand,cusolver,cusparse,nvjitlink,nvrtc,nvtx]==12.8.1; platform_system == "Linux"->torch->-r requirements.txt (line 2)) (12.8.93)
Requirement already satisfied: nvidia-cuda-nvrtc-cu12==12.8.93.* in /usr/local/lib/python3.12/dist-packages (from cuda-toolkit[cublas,cudart,cufft,cufile,cupti,curand,cusolver,cusparse,nvjitlink,nvrtc,nvtx]==12.8.1; platform_system == "Linux"->torch->-r requirements.txt (line 2)) (12.8.93)
Requirement already satisfied: nvidia-nvtx-cu12==12.8.90.* in /usr/local/lib/python3.12/dist-packages (from cuda-toolkit[cublas,cudart,cufft,cufile,cupti,curand,cusolver,cusparse,nvjitlink,nvrtc,nvtx]==12.8.1; platform_system == "Linux"->torch->-r requirements.txt (line 2)) (12.8.90)
Requirement already satisfied: cuda-pathfinder~=1.1 in /usr/local/lib/python3.12/dist-packages (from cuda-bindings<13,>=12.9.4->torch->-r requirements.txt (line 2)) (1.2.2)
Requirement already satisfied: python-dateutil>=2.8.2 in /usr/local/lib/python3.12/dist-packages (from pandas->-r requirements.txt (line 15)) (2.9.0.post0)
Requirement already satisfied: audioread>=2.1.9 in /usr/local/lib/python3.12/dist-packages (from librosa->-r requirements.txt (line 17)) (3.1.0)
Requirement already satisfied: numba>=0.51.0 in /usr/local/lib/python3.12/dist-packages (from librosa->-r requirements.txt (line 17)) (0.65.1)
Requirement already satisfied: scikit-learn>=1.1.0 in /usr/local/lib/python3.12/dist-packages (from librosa->-r requirements.txt (line 17)) (1.8.0)
Requirement already satisfied: joblib>=1.0 in /usr/local/lib/python3.12/dist-packages (from librosa->-r requirements.txt (line 17)) (1.5.3)
Requirement already satisfied: decorator>=4.3.0 in /usr/local/lib/python3.12/dist-packages (from librosa->-r requirements.txt (line 17)) (5.2.1)
Requirement already satisfied: pooch>=1.1 in /usr/local/lib/python3.12/dist-packages (from librosa->-r requirements.txt (line 17)) (1.9.0)
Requirement already satisfied: soxr>=0.3.2 in /usr/local/lib/python3.12/dist-packages (from librosa->-r requirements.txt (line 17)) (1.1.0)
Requirement already satisfied: lazy_loader>=0.1 in /usr/local/lib/python3.12/dist-packages (from librosa->-r requirements.txt (line 17)) (0.5)
Requirement already satisfied: msgpack>=1.0 in /usr/local/lib/python3.12/dist-packages (from librosa->-r requirements.txt (line 17)) (1.1.2)
Requirement already satisfied: cffi>=1.0 in /usr/local/lib/python3.12/dist-packages (from soundfile->-r requirements.txt (line 18)) (2.0.0)
Requirement already satisfied: absl-py>=0.4 in /usr/local/lib/python3.12/dist-packages (from tensorboard->-r requirements.txt (line 23)) (2.4.0)
Requirement already satisfied: grpcio>=1.48.2 in /usr/local/lib/python3.12/dist-packages (from tensorboard->-r requirements.txt (line 23)) (1.78.0)
Requirement already satisfied: markdown>=2.6.8 in /usr/local/lib/python3.12/dist-packages (from tensorboard->-r requirements.txt (line 23)) (3.10.2)
Requirement already satisfied: protobuf!=4.24.0,>=3.19.6 in /usr/local/lib/python3.12/dist-packages (from tensorboard->-r requirements.txt (line 23)) (7.34.1)
Requirement already satisfied: tensorboard-data-server<0.8.0,>=0.7.0 in /usr/local/lib/python3.12/dist-packages (from tensorboard->-r requirements.txt (line 23)) (0.7.2)
Requirement already satisfied: werkzeug>=1.0.1 in /usr/local/lib/python3.12/dist-packages (from tensorboard->-r requirements.txt (line 23)) (3.1.7)
Requirement already satisfied: resampy in /usr/local/lib/python3.12/dist-packages (from frechet_audio_distance->-r requirements.txt (line 24)) (0.4.3)
Requirement already satisfied: torchlibrosa in /usr/local/lib/python3.12/dist-packages (from frechet_audio_distance->-r requirements.txt (line 24)) (0.1.0)
Requirement already satisfied: laion_clap in /usr/local/lib/python3.12/dist-packages (from frechet_audio_distance->-r requirements.txt (line 24)) (1.1.7)
Requirement already satisfied: transformers in /usr/local/lib/python3.12/dist-packages (from frechet_audio_distance->-r requirements.txt (line 24)) (4.35.2)
Requirement already satisfied: encodec in /usr/local/lib/python3.12/dist-packages (from frechet_audio_distance->-r requirements.txt (line 24)) (0.1.1)
Requirement already satisfied: pycparser in /usr/local/lib/python3.12/dist-packages (from cffi>=1.0->soundfile->-r requirements.txt (line 18)) (3.0)
Requirement already satisfied: aiohappyeyeballs>=2.5.0 in /usr/local/lib/python3.12/dist-packages (from aiohttp->datasets==2.13.1->-r requirements.txt (line 8)) (2.6.2)
Requirement already satisfied: aiosignal>=1.4.0 in /usr/local/lib/python3.12/dist-packages (from aiohttp->datasets==2.13.1->-r requirements.txt (line 8)) (1.4.0)
Requirement already satisfied: attrs>=17.3.0 in /usr/local/lib/python3.12/dist-packages (from aiohttp->datasets==2.13.1->-r requirements.txt (line 8)) (26.1.0)
Requirement already satisfied: frozenlist>=1.1.1 in /usr/local/lib/python3.12/dist-packages (from aiohttp->datasets==2.13.1->-r requirements.txt (line 8)) (1.8.0)
Requirement already satisfied: multidict<7.0,>=4.5 in /usr/local/lib/python3.12/dist-packages (from aiohttp->datasets==2.13.1->-r requirements.txt (line 8)) (6.7.1)
Requirement already satisfied: propcache>=0.2.0 in /usr/local/lib/python3.12/dist-packages (from aiohttp->datasets==2.13.1->-r requirements.txt (line 8)) (0.5.2)
Requirement already satisfied: yarl<2.0,>=1.17.0 in /usr/local/lib/python3.12/dist-packages (from aiohttp->datasets==2.13.1->-r requirements.txt (line 8)) (1.24.2)
Requirement already satisfied: idna>=2.0 in /usr/local/lib/python3.12/dist-packages (from yarl<2.0,>=1.17.0->aiohttp->datasets==2.13.1->-r requirements.txt (line 8)) (3.11)
Requirement already satisfied: llvmlite<0.48,>=0.47.0dev0 in /usr/local/lib/python3.12/dist-packages (from numba>=0.51.0->librosa->-r requirements.txt (line 17)) (0.47.0)
Requirement already satisfied: platformdirs>=2.5.0 in /usr/local/lib/python3.12/dist-packages (from pooch>=1.1->librosa->-r requirements.txt (line 17)) (4.10.0)
Requirement already satisfied: six>=1.5 in /usr/local/lib/python3.12/dist-packages (from python-dateutil>=2.8.2->pandas->-r requirements.txt (line 15)) (1.17.0)
Requirement already satisfied: charset_normalizer<4,>=2 in /usr/local/lib/python3.12/dist-packages (from requests->diffusers==0.18.1->-r requirements.txt (line 5)) (3.4.6)
Requirement already satisfied: urllib3<3,>=1.21.1 in /usr/local/lib/python3.12/dist-packages (from requests->diffusers==0.18.1->-r requirements.txt (line 5)) (2.6.3)
Requirement already satisfied: certifi>=2017.4.17 in /usr/local/lib/python3.12/dist-packages (from requests->diffusers==0.18.1->-r requirements.txt (line 5)) (2026.2.25)
Requirement already satisfied: threadpoolctl>=3.2.0 in /usr/local/lib/python3.12/dist-packages (from scikit-learn>=1.1.0->librosa->-r requirements.txt (line 17)) (3.6.0)
Requirement already satisfied: mpmath<1.4,>=1.1.0 in /usr/local/lib/python3.12/dist-packages (from sympy>=1.13.3->torch->-r requirements.txt (line 2)) (1.3.0)
Requirement already satisfied: markupsafe>=2.1.1 in /usr/local/lib/python3.12/dist-packages (from werkzeug>=1.0.1->tensorboard->-r requirements.txt (line 23)) (3.0.3)
Requirement already satisfied: einops in /usr/local/lib/python3.12/dist-packages (from encodec->frechet_audio_distance->-r requirements.txt (line 24)) (0.8.2)
Requirement already satisfied: zipp>=3.20 in /usr/local/lib/python3.12/dist-packages (from importlib_metadata->diffusers==0.18.1->-r requirements.txt (line 5)) (3.23.0)
Requirement already satisfied: ftfy in /usr/local/lib/python3.12/dist-packages (from laion_clap->frechet_audio_distance->-r requirements.txt (line 24)) (6.3.1)
Requirement already satisfied: braceexpand in /usr/local/lib/python3.12/dist-packages (from laion_clap->frechet_audio_distance->-r requirements.txt (line 24)) (0.1.7)
Requirement already satisfied: webdataset in /usr/local/lib/python3.12/dist-packages (from laion_clap->frechet_audio_distance->-r requirements.txt (line 24)) (1.0.2)
Requirement already satisfied: wget in /usr/local/lib/python3.12/dist-packages (from laion_clap->frechet_audio_distance->-r requirements.txt (line 24)) (3.2)
Requirement already satisfied: wandb in /usr/local/lib/python3.12/dist-packages (from laion_clap->frechet_audio_distance->-r requirements.txt (line 24)) (0.27.0)
Requirement already satisfied: h5py in /usr/local/lib/python3.12/dist-packages (from laion_clap->frechet_audio_distance->-r requirements.txt (line 24)) (3.16.0)
Requirement already satisfied: progressbar in /usr/local/lib/python3.12/dist-packages (from laion_clap->frechet_audio_distance->-r requirements.txt (line 24)) (2.5)
Requirement already satisfied: wcwidth in /usr/local/lib/python3.12/dist-packages (from ftfy->laion_clap->frechet_audio_distance->-r requirements.txt (line 24)) (0.6.0)
Requirement already satisfied: tokenizers<0.19,>=0.14 in /usr/local/lib/python3.12/dist-packages (from transformers->frechet_audio_distance->-r requirements.txt (line 24)) (0.15.2)
Requirement already satisfied: safetensors>=0.3.1 in /usr/local/lib/python3.12/dist-packages (from transformers->frechet_audio_distance->-r requirements.txt (line 24)) (0.7.0)
Requirement already satisfied: click>=8.2.0 in /usr/local/lib/python3.12/dist-packages (from wandb->laion_clap->frechet_audio_distance->-r requirements.txt (line 24)) (8.3.1)
Requirement already satisfied: gitpython!=3.1.29,>=1.0.0 in /usr/local/lib/python3.12/dist-packages (from wandb->laion_clap->frechet_audio_distance->-r requirements.txt (line 24)) (3.1.50)
Requirement already satisfied: pydantic<3,>=2.6 in /usr/local/lib/python3.12/dist-packages (from wandb->laion_clap->frechet_audio_distance->-r requirements.txt (line 24)) (2.13.4)
Requirement already satisfied: sentry-sdk>=2.0.0 in /usr/local/lib/python3.12/dist-packages (from wandb->laion_clap->frechet_audio_distance->-r requirements.txt (line 24)) (2.61.0)
Requirement already satisfied: annotated-types>=0.6.0 in /usr/local/lib/python3.12/dist-packages (from pydantic<3,>=2.6->wandb->laion_clap->frechet_audio_distance->-r requirements.txt (line 24)) (0.7.0)
Requirement already satisfied: pydantic-core==2.46.4 in /usr/local/lib/python3.12/dist-packages (from pydantic<3,>=2.6->wandb->laion_clap->frechet_audio_distance->-r requirements.txt (line 24)) (2.46.4)
Requirement already satisfied: typing-inspection>=0.4.2 in /usr/local/lib/python3.12/dist-packages (from pydantic<3,>=2.6->wandb->laion_clap->frechet_audio_distance->-r requirements.txt (line 24)) (0.4.2)
Requirement already satisfied: gitdb<5,>=4.0.1 in /usr/local/lib/python3.12/dist-packages (from gitpython!=3.1.29,>=1.0.0->wandb->laion_clap->frechet_audio_distance->-r requirements.txt (line 24)) (4.0.12)
Requirement already satisfied: smmap<6,>=3.0.1 in /usr/local/lib/python3.12/dist-packages (from gitdb<5,>=4.0.1->gitpython!=3.1.29,>=1.0.0->wandb->laion_clap->frechet_audio_distance->-r requirements.txt (line 24)) (5.0.3)
[PoseBeat] Training config: config=configs/motion_audio_adapter.yaml
[PoseBeat] Launch: gpus=2 batch_size_per_gpu=12 effective_batch_size=24 num_workers_per_gpu=4
[PoseBeat] Logs: logs/dmd_motion_adapter/train_motion_adapter.log plus rank logs when using torchrun
W0530 04:14:20.131000 40780 torch/distributed/run.py:851] 
W0530 04:14:20.131000 40780 torch/distributed/run.py:851] *****************************************
W0530 04:14:20.131000 40780 torch/distributed/run.py:851] Setting OMP_NUM_THREADS environment variable for each process to be 1 in default, to avoid your system being overloaded, please further tune the variable for optimal performance in your application as needed. 
W0530 04:14:20.131000 40780 torch/distributed/run.py:851] *****************************************
/usr/local/lib/python3.12/dist-packages/transformers/utils/generic.py:441: FutureWarning: `torch.utils._pytree._register_pytree_node` is deprecated. Please use `torch.utils._pytree.register_pytree_node` instead.
  _torch_pytree._register_pytree_node(
/usr/local/lib/python3.12/dist-packages/transformers/utils/generic.py:441: FutureWarning: `torch.utils._pytree._register_pytree_node` is deprecated. Please use `torch.utils._pytree.register_pytree_node` instead.
  _torch_pytree._register_pytree_node(
/usr/local/lib/python3.12/dist-packages/transformers/utils/generic.py:309: FutureWarning: `torch.utils._pytree._register_pytree_node` is deprecated. Please use `torch.utils._pytree.register_pytree_node` instead.
  _torch_pytree._register_pytree_node(
/usr/local/lib/python3.12/dist-packages/transformers/utils/generic.py:309: FutureWarning: `torch.utils._pytree._register_pytree_node` is deprecated. Please use `torch.utils._pytree.register_pytree_node` instead.
  _torch_pytree._register_pytree_node(
/usr/local/lib/python3.12/dist-packages/accelerate/utils/torch_xla.py:18: UserWarning: pkg_resources is deprecated as an API. See https://setuptools.pypa.io/en/latest/pkg_resources.html. The pkg_resources package is slated for removal as early as 2025-11-30. Refrain from using this package or pin to Setuptools<81.
  import pkg_resources
/usr/local/lib/python3.12/dist-packages/accelerate/utils/torch_xla.py:18: UserWarning: pkg_resources is deprecated as an API. See https://setuptools.pypa.io/en/latest/pkg_resources.html. The pkg_resources package is slated for removal as early as 2025-11-30. Refrain from using this package or pin to Setuptools<81.
  import pkg_resources
/usr/local/lib/python3.12/dist-packages/transformers/utils/generic.py:309: FutureWarning: `torch.utils._pytree._register_pytree_node` is deprecated. Please use `torch.utils._pytree.register_pytree_node` instead.
  _torch_pytree._register_pytree_node(
/usr/local/lib/python3.12/dist-packages/transformers/utils/generic.py:309: FutureWarning: `torch.utils._pytree._register_pytree_node` is deprecated. Please use `torch.utils._pytree.register_pytree_node` instead.
  _torch_pytree._register_pytree_node(
/usr/local/lib/python3.12/dist-packages/transformers/utils/generic.py:309: FutureWarning: `torch.utils._pytree._register_pytree_node` is deprecated. Please use `torch.utils._pytree.register_pytree_node` instead.
  _torch_pytree._register_pytree_node(
/usr/local/lib/python3.12/dist-packages/transformers/utils/generic.py:309: FutureWarning: `torch.utils._pytree._register_pytree_node` is deprecated. Please use `torch.utils._pytree.register_pytree_node` instead.
  _torch_pytree._register_pytree_node(
2026-05-30 04:14:26 | INFO | posebeat.train.rank1 | logging to /mntdatalora/src/PoseBeat-MusicGen/logs/dmd_motion_adapter/train_motion_adapter_rank1.log
2026-05-30 04:14:26 | INFO | posebeat.train.rank1 | rank=1 local_rank=1 world_size=2 distributed=True device=cuda:1 dtype=torch.float32
2026-05-30 04:14:26 | INFO | posebeat.train.rank0 | logging to /mntdatalora/src/PoseBeat-MusicGen/logs/dmd_motion_adapter/train_motion_adapter.log
2026-05-30 04:14:26 | INFO | posebeat.train.rank0 | config:
audio:
  hop_length: 512
  n_fft: 2048
  n_iter: 32
  sample_rate: 22050
  top_db: 80
  x_res: 256
  y_res: 256
data:
  dataset_split: train
  strict_condition_match: true
evaluation:
  beat_motion_fps: 30
  compute_fad: true
  normalize_gain_db: 8.0
  normalize_target_dbfs: -20.0
inference:
  eta: 0.0
  seed: 2391504374279719
logging:
  log_every_steps: 25
  tensorboard: true
model:
  image_channels: 1
  motion_dim: 370
  motion_frames: 150
paths:
  cdcd_list: /mntdatalora/src/PoseBeat-MusicGen/configs/cdcd_aist.txt
  data_root: /mntdatalora/src/PoseBeat-MusicGen/data/dmd_aistpp_legacy_2026-05-26
  from_pretrained_model_dir: null
  generated_audio_dir: /mntdatalora/src/PoseBeat-MusicGen/outputs/dmd_motion_adapter/generated
  genre_model_path: /mntdatalora/src/PoseBeat-MusicGen/cache_weights/MS-SincResNet.tar
  log_dir: /mntdatalora/src/PoseBeat-MusicGen/logs/dmd_motion_adapter
  normalized_audio_dir: /mntdatalora/src/PoseBeat-MusicGen/outputs/dmd_motion_adapter/normalized
  output_dir: /mntdatalora/src/PoseBeat-MusicGen/outputs/dmd_motion_adapter
  pretrained_model_dir: /mntdatalora/src/PoseBeat-MusicGen/data/dmd_aistpp_legacy_2026-05-26/data_and_model/model/all_01
  test_audio_dir: /mntdatalora/src/PoseBeat-MusicGen/data/dmd_aistpp_legacy_2026-05-26/test/wavs_sliced
  test_latent_dir: /mntdatalora/src/PoseBeat-MusicGen/data/dmd_aistpp_legacy_2026-05-26/audio_latents/test
  test_motion_pickle: /mntdatalora/src/PoseBeat-MusicGen/data/dmd_aistpp_legacy_2026-05-26/data_and_model/conditions/normalized_all_test_data_01.pkl
  train_audio_dir: /mntdatalora/src/PoseBeat-MusicGen/data/dmd_aistpp_legacy_2026-05-26/train/wavs_sliced
  train_latent_dir: /mntdatalora/src/PoseBeat-MusicGen/data/dmd_aistpp_legacy_2026-05-26/audio_latents/train
  train_mel_dataset_dir: /mntdatalora/src/PoseBeat-MusicGen/data/dmd_aistpp_legacy_2026-05-26/data_and_model/input
    music/aistpp_256_sorted
  train_motion_pickle: /mntdatalora/src/PoseBeat-MusicGen/data/dmd_aistpp_legacy_2026-05-26/data_and_model/conditions/normalized_all_train_data_01.pkl
  vae_checkpoint_dir: /mntdatalora/src/PoseBeat-MusicGen/data/dmd_aistpp_legacy_2026-05-26/data_and_model/model/all_01
training:
  adam_beta1: 0.95
  adam_beta2: 0.999
  adam_epsilon: 1.0e-08
  batch_size: 16
  ema_inv_gamma: 1.0
  ema_max_decay: 0.9999
  ema_power: 0.75
  epochs: 100
  gradient_clip: 1.0
  learning_rate: 0.0001
  lr_scheduler: cosine
  lr_warmup_steps: 500
  max_train_samples: null
  num_train_steps: 1000
  num_workers: 4
  save_every_epochs: 10
  save_every_steps: 1000
  scheduler: ddim
  use_ema: true
  weight_decay: 1.0e-06
2026-05-30 04:14:26 | INFO | posebeat.train.rank0 | rank=0 local_rank=0 world_size=2 distributed=True device=cuda:0 dtype=torch.float32
/usr/local/lib/python3.12/dist-packages/datasets/table.py:1421: FutureWarning: promote has been superseded by mode='default'.
  table = cls._concat_blocks(blocks, axis=0)
/usr/local/lib/python3.12/dist-packages/datasets/table.py:1421: FutureWarning: promote has been superseded by mode='default'.
  table = cls._concat_blocks(blocks, axis=0)
2026-05-30 04:19:49 | INFO | posebeat.train.rank0 | training pairs=17733 image_shape=(1, 256, 256) condition_shape=(150, 370)
2026-05-30 04:19:49 | INFO | posebeat.train.rank1 | training pairs=17733 image_shape=(1, 256, 256) condition_shape=(150, 370)
2026-05-30 04:20:08 | INFO | posebeat.train.rank1 | unet params=138.26M
2026-05-30 04:20:08 | INFO | posebeat.train.rank1 | vae params=83.61M frozen
2026-05-30 04:20:08 | INFO | posebeat.train.rank1 | cross_attention_dim=370
2026-05-30 04:20:08 | INFO | posebeat.train.rank0 | unet params=138.26M
2026-05-30 04:20:08 | INFO | posebeat.train.rank0 | vae params=83.61M frozen
2026-05-30 04:20:08 | INFO | posebeat.train.rank0 | cross_attention_dim=370
2026-05-30 04:20:09 | INFO | posebeat.train.rank0 | enabled DistributedDataParallel
[rank1]:[E530 04:30:09.147239922 ProcessGroupNCCL.cpp:689] [Rank 1] Watchdog caught collective operation timeout: WorkNCCL(SeqNum=2, OpType=BROADCAST, NumelIn=2328, NumelOut=2328, Timeout(ms)=600000) ran for 600065 milliseconds before timing out.
[rank1]:[E530 04:30:09.289176231 ProcessGroupNCCL.cpp:2303] [PG ID 0 PG GUID 0(default_pg) Rank 1]  failure detected by watchdog at work sequence id: 2 PG status: last enqueued work: 2, last completed work: 1
[rank0]:[E530 04:30:09.200160347 ProcessGroupNCCL.cpp:689] [Rank 0] Watchdog caught collective operation timeout: WorkNCCL(SeqNum=3, OpType=BROADCAST, NumelIn=66495616, NumelOut=66495616, Timeout(ms)=600000) ran for 600057 milliseconds before timing out.
[rank0]:[E530 04:30:09.289613624 ProcessGroupNCCL.cpp:2303] [PG ID 0 PG GUID 0(default_pg) Rank 0]  failure detected by watchdog at work sequence id: 3 PG status: last enqueued work: 5, last completed work: 2
[rank1]:[E530 04:30:09.289779215 ProcessGroupNCCL.cpp:733] Stack trace of the failed collective: 
#0 _verify_param_shape_across_processes from /usr/local/lib/python3.12/dist-packages/torch/distributed/utils.py:286
#1 __init__ from /usr/local/lib/python3.12/dist-packages/torch/nn/parallel/distributed.py:881
#2 train_from_args from /mntdatalora/src/PoseBeat-MusicGen/scripts/train_motion_adapter.py:269
#3 main from /mntdatalora/src/PoseBeat-MusicGen/scripts/train_motion_adapter.py:499
#4 <module> from /mntdatalora/src/PoseBeat-MusicGen/scripts/train_motion_adapter.py:506

[rank1]:[E530 04:30:09.289849646 ProcessGroupNCCL.cpp:2636] [PG ID 0 PG GUID 0(default_pg) Rank 1] First PG on this rank to signal dumping.
[rank0]:[E530 04:30:09.289937756 ProcessGroupNCCL.cpp:733] Stack trace of the failed collective: 
#0 _sync_params_and_buffers from /usr/local/lib/python3.12/dist-packages/torch/distributed/utils.py:326
#1 _sync_module_states from /usr/local/lib/python3.12/dist-packages/torch/distributed/utils.py:315
#2 __init__ from /usr/local/lib/python3.12/dist-packages/torch/nn/parallel/distributed.py:883
#3 train_from_args from /mntdatalora/src/PoseBeat-MusicGen/scripts/train_motion_adapter.py:269
#4 main from /mntdatalora/src/PoseBeat-MusicGen/scripts/train_motion_adapter.py:499
#5 <module> from /mntdatalora/src/PoseBeat-MusicGen/scripts/train_motion_adapter.py:506

[rank0]:[E530 04:30:09.289972576 ProcessGroupNCCL.cpp:2636] [PG ID 0 PG GUID 0(default_pg) Rank 0] First PG on this rank to signal dumping.
[rank1]:[E530 04:30:09.769602402 ProcessGroupNCCL.cpp:1914] [PG ID 0 PG GUID 0(default_pg) Rank 1] Received a dump signal due to a collective timeout from this local rank and we will try our best to dump the debug info. Last enqueued NCCL work: 2, last completed NCCL work: 1.This is most likely caused by incorrect usages of collectives, e.g., wrong sizes used across ranks, the order of collectives is not same for all ranks or the scheduled collective, for some reason, didn't run. Additionally, this can be caused by GIL deadlock or other reasons such as network errors or bugs in the communications library (e.g. NCCL), etc. 
[rank1]:[E530 04:30:09.769743193 ProcessGroupNCCL.cpp:1628] [PG ID 0 PG GUID 0(default_pg) Rank 1] ProcessGroupNCCL preparing to dump debug info. Include stack trace: 1, only active collectives: 0
[rank0]:[E530 04:30:09.947678930 ProcessGroupNCCL.cpp:1914] [PG ID 0 PG GUID 0(default_pg) Rank 0] Received a dump signal due to a collective timeout from this local rank and we will try our best to dump the debug info. Last enqueued NCCL work: 5, last completed NCCL work: 2.This is most likely caused by incorrect usages of collectives, e.g., wrong sizes used across ranks, the order of collectives is not same for all ranks or the scheduled collective, for some reason, didn't run. Additionally, this can be caused by GIL deadlock or other reasons such as network errors or bugs in the communications library (e.g. NCCL), etc. 
[rank0]:[E530 04:30:09.947817451 ProcessGroupNCCL.cpp:1628] [PG ID 0 PG GUID 0(default_pg) Rank 0] ProcessGroupNCCL preparing to dump debug info. Include stack trace: 1, only active collectives: 0
[rank1]:[E530 04:31:09.651867571 ProcessGroupNCCL.cpp:750] [Rank 1] Some NCCL operations have failed or timed out. Due to the asynchronous nature of CUDA kernels, subsequent GPU operations might run on corrupted/incomplete data.
[rank1]:[E530 04:31:09.651905601 ProcessGroupNCCL.cpp:764] [Rank 1] To avoid data inconsistency, we are taking the entire process down.
[rank1]:[E530 04:31:09.653863956 ProcessGroupNCCL.cpp:2119] [PG ID 0 PG GUID 0(default_pg) Rank 1] Process group watchdog thread terminated with exception: [Rank 1] Watchdog caught collective operation timeout: WorkNCCL(SeqNum=2, OpType=BROADCAST, NumelIn=2328, NumelOut=2328, Timeout(ms)=600000) ran for 600065 milliseconds before timing out.
Exception raised from checkTimeout at /pytorch/torch/csrc/distributed/c10d/ProcessGroupNCCL.cpp:692 (most recent call first):
frame #0: c10::Error::Error(c10::SourceLocation, std::__cxx11::basic_string<char, std::char_traits<char>, std::allocator<char> >) + 0x9d (0x7b31eed7205d in /usr/local/lib/python3.12/dist-packages/torch/lib/libc10.so)
frame #1: c10d::ProcessGroupNCCL::WorkNCCL::checkTimeout(std::optional<std::chrono::duration<long, std::ratio<1l, 1000l> > >) + 0x2a7 (0x7b311a73fd87 in /usr/local/lib/python3.12/dist-packages/torch/lib/libtorch_cuda.so)
frame #2: c10d::ProcessGroupNCCL::Watchdog::runLoop() + 0x17b1 (0x7b311a7451a1 in /usr/local/lib/python3.12/dist-packages/torch/lib/libtorch_cuda.so)
frame #3: c10d::ProcessGroupNCCL::Watchdog::run() + 0x157 (0x7b311a746597 in /usr/local/lib/python3.12/dist-packages/torch/lib/libtorch_cuda.so)
frame #4: <unknown function> + 0xecdb4 (0x7b31ee86edb4 in /lib/x86_64-linux-gnu/libstdc++.so.6)
frame #5: <unknown function> + 0x9caa4 (0x7b322ec32aa4 in /lib/x86_64-linux-gnu/libc.so.6)
frame #6: <unknown function> + 0x129c6c (0x7b322ecbfc6c in /lib/x86_64-linux-gnu/libc.so.6)

terminate called after throwing an instance of 'c10::DistBackendError'
  what():  [PG ID 0 PG GUID 0(default_pg) Rank 1] Process group watchdog thread terminated with exception: [Rank 1] Watchdog caught collective operation timeout: WorkNCCL(SeqNum=2, OpType=BROADCAST, NumelIn=2328, NumelOut=2328, Timeout(ms)=600000) ran for 600065 milliseconds before timing out.
Exception raised from checkTimeout at /pytorch/torch/csrc/distributed/c10d/ProcessGroupNCCL.cpp:692 (most recent call first):
frame #0: c10::Error::Error(c10::SourceLocation, std::__cxx11::basic_string<char, std::char_traits<char>, std::allocator<char> >) + 0x9d (0x7b31eed7205d in /usr/local/lib/python3.12/dist-packages/torch/lib/libc10.so)
frame #1: c10d::ProcessGroupNCCL::WorkNCCL::checkTimeout(std::optional<std::chrono::duration<long, std::ratio<1l, 1000l> > >) + 0x2a7 (0x7b311a73fd87 in /usr/local/lib/python3.12/dist-packages/torch/lib/libtorch_cuda.so)
frame #2: c10d::ProcessGroupNCCL::Watchdog::runLoop() + 0x17b1 (0x7b311a7451a1 in /usr/local/lib/python3.12/dist-packages/torch/lib/libtorch_cuda.so)
frame #3: c10d::ProcessGroupNCCL::Watchdog::run() + 0x157 (0x7b311a746597 in /usr/local/lib/python3.12/dist-packages/torch/lib/libtorch_cuda.so)
frame #4: <unknown function> + 0xecdb4 (0x7b31ee86edb4 in /lib/x86_64-linux-gnu/libstdc++.so.6)
frame #5: <unknown function> + 0x9caa4 (0x7b322ec32aa4 in /lib/x86_64-linux-gnu/libc.so.6)
frame #6: <unknown function> + 0x129c6c (0x7b322ecbfc6c in /lib/x86_64-linux-gnu/libc.so.6)

Exception raised from run at /pytorch/torch/csrc/distributed/c10d/ProcessGroupNCCL.cpp:2125 (most recent call first):
frame #0: c10::Error::Error(c10::SourceLocation, std::__cxx11::basic_string<char, std::char_traits<char>, std::allocator<char> >) + 0x9d (0x7b31eed7205d in /usr/local/lib/python3.12/dist-packages/torch/lib/libc10.so)
frame #1: <unknown function> + 0x9b5d75 (0x7b3119fa6d75 in /usr/local/lib/python3.12/dist-packages/torch/lib/libtorch_cuda.so)
frame #2: <unknown function> + 0xecdb4 (0x7b31ee86edb4 in /lib/x86_64-linux-gnu/libstdc++.so.6)
frame #3: <unknown function> + 0x9caa4 (0x7b322ec32aa4 in /lib/x86_64-linux-gnu/libc.so.6)
frame #4: <unknown function> + 0x129c6c (0x7b322ecbfc6c in /lib/x86_64-linux-gnu/libc.so.6)

[rank0]:[E530 04:31:09.655854690 ProcessGroupNCCL.cpp:750] [Rank 0] Some NCCL operations have failed or timed out. Due to the asynchronous nature of CUDA kernels, subsequent GPU operations might run on corrupted/incomplete data.
[rank0]:[E530 04:31:09.655869921 ProcessGroupNCCL.cpp:764] [Rank 0] To avoid data inconsistency, we are taking the entire process down.
[rank0]:[E530 04:31:09.656687407 ProcessGroupNCCL.cpp:2119] [PG ID 0 PG GUID 0(default_pg) Rank 0] Process group watchdog thread terminated with exception: [Rank 0] Watchdog caught collective operation timeout: WorkNCCL(SeqNum=3, OpType=BROADCAST, NumelIn=66495616, NumelOut=66495616, Timeout(ms)=600000) ran for 600057 milliseconds before timing out.
Exception raised from checkTimeout at /pytorch/torch/csrc/distributed/c10d/ProcessGroupNCCL.cpp:692 (most recent call first):
frame #0: c10::Error::Error(c10::SourceLocation, std::__cxx11::basic_string<char, std::char_traits<char>, std::allocator<char> >) + 0x9d (0x791c6497205d in /usr/local/lib/python3.12/dist-packages/torch/lib/libc10.so)
frame #1: c10d::ProcessGroupNCCL::WorkNCCL::checkTimeout(std::optional<std::chrono::duration<long, std::ratio<1l, 1000l> > >) + 0x2a7 (0x791b9033fd87 in /usr/local/lib/python3.12/dist-packages/torch/lib/libtorch_cuda.so)
frame #2: c10d::ProcessGroupNCCL::Watchdog::runLoop() + 0x17b1 (0x791b903451a1 in /usr/local/lib/python3.12/dist-packages/torch/lib/libtorch_cuda.so)
frame #3: c10d::ProcessGroupNCCL::Watchdog::run() + 0x157 (0x791b90346597 in /usr/local/lib/python3.12/dist-packages/torch/lib/libtorch_cuda.so)
frame #4: <unknown function> + 0xecdb4 (0x791c6446edb4 in /lib/x86_64-linux-gnu/libstdc++.so.6)
frame #5: <unknown function> + 0x9caa4 (0x791ca48c0aa4 in /lib/x86_64-linux-gnu/libc.so.6)
frame #6: <unknown function> + 0x129c6c (0x791ca494dc6c in /lib/x86_64-linux-gnu/libc.so.6)

terminate called after throwing an instance of 'c10::DistBackendError'
  what():  [PG ID 0 PG GUID 0(default_pg) Rank 0] Process group watchdog thread terminated with exception: [Rank 0] Watchdog caught collective operation timeout: WorkNCCL(SeqNum=3, OpType=BROADCAST, NumelIn=66495616, NumelOut=66495616, Timeout(ms)=600000) ran for 600057 milliseconds before timing out.
Exception raised from checkTimeout at /pytorch/torch/csrc/distributed/c10d/ProcessGroupNCCL.cpp:692 (most recent call first):
frame #0: c10::Error::Error(c10::SourceLocation, std::__cxx11::basic_string<char, std::char_traits<char>, std::allocator<char> >) + 0x9d (0x791c6497205d in /usr/local/lib/python3.12/dist-packages/torch/lib/libc10.so)
frame #1: c10d::ProcessGroupNCCL::WorkNCCL::checkTimeout(std::optional<std::chrono::duration<long, std::ratio<1l, 1000l> > >) + 0x2a7 (0x791b9033fd87 in /usr/local/lib/python3.12/dist-packages/torch/lib/libtorch_cuda.so)
frame #2: c10d::ProcessGroupNCCL::Watchdog::runLoop() + 0x17b1 (0x791b903451a1 in /usr/local/lib/python3.12/dist-packages/torch/lib/libtorch_cuda.so)
frame #3: c10d::ProcessGroupNCCL::Watchdog::run() + 0x157 (0x791b90346597 in /usr/local/lib/python3.12/dist-packages/torch/lib/libtorch_cuda.so)
frame #4: <unknown function> + 0xecdb4 (0x791c6446edb4 in /lib/x86_64-linux-gnu/libstdc++.so.6)
frame #5: <unknown function> + 0x9caa4 (0x791ca48c0aa4 in /lib/x86_64-linux-gnu/libc.so.6)
frame #6: <unknown function> + 0x129c6c (0x791ca494dc6c in /lib/x86_64-linux-gnu/libc.so.6)

Exception raised from run at /pytorch/torch/csrc/distributed/c10d/ProcessGroupNCCL.cpp:2125 (most recent call first):
frame #0: c10::Error::Error(c10::SourceLocation, std::__cxx11::basic_string<char, std::char_traits<char>, std::allocator<char> >) + 0x9d (0x791c6497205d in /usr/local/lib/python3.12/dist-packages/torch/lib/libc10.so)
frame #1: <unknown function> + 0x9b5d75 (0x791b8fba6d75 in /usr/local/lib/python3.12/dist-packages/torch/lib/libtorch_cuda.so)
frame #2: <unknown function> + 0xecdb4 (0x791c6446edb4 in /lib/x86_64-linux-gnu/libstdc++.so.6)
frame #3: <unknown function> + 0x9caa4 (0x791ca48c0aa4 in /lib/x86_64-linux-gnu/libc.so.6)
frame #4: <unknown function> + 0x129c6c (0x791ca494dc6c in /lib/x86_64-linux-gnu/libc.so.6)

E0530 04:31:10.434000 40780 torch/distributed/elastic/multiprocessing/api.py:986] failed (exitcode: -6) local_rank: 0 (pid: 40839) of binary: /usr/bin/python3
Traceback (most recent call last):
  File "/usr/local/bin/torchrun", line 6, in <module>
    sys.exit(main())
             ^^^^^^
  File "/usr/local/lib/python3.12/dist-packages/torch/distributed/elastic/multiprocessing/errors/__init__.py", line 362, in wrapper
    return f(*args, **kwargs)
           ^^^^^^^^^^^^^^^^^^
  File "/usr/local/lib/python3.12/dist-packages/torch/distributed/run.py", line 990, in main
    run(args)
  File "/usr/local/lib/python3.12/dist-packages/torch/distributed/run.py", line 981, in run
    elastic_launch(
  File "/usr/local/lib/python3.12/dist-packages/torch/distributed/launcher/api.py", line 170, in __call__
    return launch_agent(self._config, self._entrypoint, list(args))
           ^^^^^^^^^^^^^^^^^^^^^^^^^^^^^^^^^^^^^^^^^^^^^^^^^^^^^^^^
  File "/usr/local/lib/python3.12/dist-packages/torch/distributed/launcher/api.py", line 317, in launch_agent
    raise ChildFailedError(
torch.distributed.elastic.multiprocessing.errors.ChildFailedError: 
======================================================
scripts/train_motion_adapter.py FAILED
------------------------------------------------------
Failures:
[1]:
  time      : 2026-05-30_04:31:10
  host      : pod-3
  rank      : 1 (local_rank: 1)
  exitcode  : -6 (pid: 40840)
  error_file: <N/A>
  traceback : Signal 6 (SIGABRT) received by PID 40840
------------------------------------------------------
Root Cause (first observed failure):
[0]:
  time      : 2026-05-30_04:31:10
  host      : pod-3
  rank      : 0 (local_rank: 0)
  exitcode  : -6 (pid: 40839)
  error_file: <N/A>
  traceback : Signal 6 (SIGABRT) received by PID 40839
======================================================
